Using pre-set license
Built from '2020.3/staging' branch; Version is '2020.3.23f1 (c5d91304a876) revision 12966163'; Using compiler version '192528614'; Build Type 'Release'
OS: 'Windows 10 Home Single Language; OS build 22000.376; Version 2009; 64bit' Language: 'en' Physical Memory: 8023 MB
BatchMode: 1, IsHumanControllingUs: 0, StartBugReporterOnCrash: 0, Is64bit: 1, IsPro: 0

COMMAND LINE ARGUMENTS:
C:\Program Files\Unity\Hub\Editor\2020.3.23f1\Editor\Unity.exe
-adb2
-batchMode
-noUpm
-name
AssetImportWorker0
-projectPath
C:/Users/quydo/shiotatsumi1.2
-logFile
Logs/AssetImportWorker0.log
-srvPort
62526
Successfully changed project path to: C:/Users/quydo/shiotatsumi1.2
C:/Users/quydo/shiotatsumi1.2
Using Asset Import Pipeline V2.
Refreshing native plugins compatible for Editor in 66.21 ms, found 3 plugins.
Preloading 0 native plugins for Editor in 0.00 ms.
Initialize engine version: 2020.3.23f1 (c5d91304a876)
[Subsystems] Discovering subsystems at path C:/Program Files/Unity/Hub/Editor/2020.3.23f1/Editor/Data/Resources/UnitySubsystems
[Subsystems] Discovering subsystems at path C:/Users/quydo/shiotatsumi1.2/Assets
GfxDevice: creating device client; threaded=0
Direct3D:
    Version:  Direct3D 11.0 [level 11.1]
    Renderer: NVIDIA GeForce GTX 1650 Ti (ID=0x1f95)
    Vendor:   
    VRAM:     3962 MB
    Driver:   27.21.14.5167
Initialize mono
Mono path[0] = 'C:/Program Files/Unity/Hub/Editor/2020.3.23f1/Editor/Data/Managed'
Mono path[1] = 'C:/Program Files/Unity/Hub/Editor/2020.3.23f1/Editor/Data/MonoBleedingEdge/lib/mono/unityjit'
Mono config path = 'C:/Program Files/Unity/Hub/Editor/2020.3.23f1/Editor/Data/MonoBleedingEdge/etc'
Using monoOptions --debugger-agent=transport=dt_socket,embedding=1,server=y,suspend=n,address=127.0.0.1:56212
Begin MonoManager ReloadAssembly
Registering precompiled unity dll's ...
Register platform support module: C:/Program Files/Unity/Hub/Editor/2020.3.23f1/Editor/Data/PlaybackEngines/WindowsStandaloneSupport/UnityEditor.WindowsStandalone.Extensions.dll
Registered in 0.002304 seconds.
Native extension for WindowsStandalone target not found
Refreshing native plugins compatible for Editor in 45.33 ms, found 3 plugins.
Preloading 0 native plugins for Editor in 0.00 ms.
Mono: successfully reloaded assembly
- Completed reload, in  0.726 seconds
Domain Reload Profiling:
	ReloadAssembly (726ms)
		BeginReloadAssembly (50ms)
			ExecutionOrderSort (0ms)
			DisableScriptedObjects (0ms)
			BackupInstance (0ms)
			ReleaseScriptingObjects (0ms)
			CreateAndSetChildDomain (1ms)
		EndReloadAssembly (578ms)
			LoadAssemblies (49ms)
			RebuildTransferFunctionScriptingTraits (0ms)
			SetupTypeCache (200ms)
			ReleaseScriptCaches (0ms)
			RebuildScriptCaches (42ms)
			SetupLoadedEditorAssemblies (171ms)
				LogAssemblyErrors (0ms)
				InitializePlatformSupportModulesInManaged (5ms)
				SetLoadedEditorAssemblies (0ms)
				RefreshPlugins (45ms)
				BeforeProcessingInitializeOnLoad (8ms)
				ProcessInitializeOnLoadAttributes (76ms)
				ProcessInitializeOnLoadMethodAttributes (36ms)
				AfterProcessingInitializeOnLoad (0ms)
				EditorAssembliesLoaded (0ms)
			ExecutionOrderSort2 (0ms)
			AwakeInstancesAfterBackupRestoration (0ms)
Platform modules already initialized, skipping
Registering precompiled user dll's ...
Registered in 0.006632 seconds.
Begin MonoManager ReloadAssembly
Native extension for WindowsStandalone target not found
Refreshing native plugins compatible for Editor in 41.94 ms, found 3 plugins.
Preloading 0 native plugins for Editor in 0.00 ms.
Mono: successfully reloaded assembly
- Completed reload, in  1.288 seconds
Domain Reload Profiling:
	ReloadAssembly (1289ms)
		BeginReloadAssembly (172ms)
			ExecutionOrderSort (0ms)
			DisableScriptedObjects (4ms)
			BackupInstance (0ms)
			ReleaseScriptingObjects (0ms)
			CreateAndSetChildDomain (32ms)
		EndReloadAssembly (1036ms)
			LoadAssemblies (101ms)
			RebuildTransferFunctionScriptingTraits (0ms)
			SetupTypeCache (480ms)
			ReleaseScriptCaches (1ms)
			RebuildScriptCaches (50ms)
			SetupLoadedEditorAssemblies (304ms)
				LogAssemblyErrors (0ms)
				InitializePlatformSupportModulesInManaged (4ms)
				SetLoadedEditorAssemblies (0ms)
				RefreshPlugins (42ms)
				BeforeProcessingInitializeOnLoad (61ms)
				ProcessInitializeOnLoadAttributes (178ms)
				ProcessInitializeOnLoadMethodAttributes (16ms)
				AfterProcessingInitializeOnLoad (3ms)
				EditorAssembliesLoaded (0ms)
			ExecutionOrderSort2 (0ms)
			AwakeInstancesAfterBackupRestoration (5ms)
Platform modules already initialized, skipping
========================================================================
Worker process is ready to serve import requests
Launched and connected shader compiler UnityShaderCompiler.exe after 0.07 seconds
Refreshing native plugins compatible for Editor in 0.48 ms, found 3 plugins.
Preloading 0 native plugins for Editor in 0.00 ms.
Unloading 2211 Unused Serialized files (Serialized files now loaded: 0)
System memory in use before: 97.0 MB.
System memory in use after: 97.1 MB.

Unloading 28 unused Assets to reduce memory usage. Loaded Objects now: 2651.
Total: 4.450200 ms (FindLiveObjects: 0.226500 ms CreateObjectMapping: 0.101300 ms MarkObjects: 4.049600 ms  DeleteObjects: 0.071300 ms)

AssetImportParameters requested are different than current active one (requested -> active):
  custom:framework-win-MediaFoundation: 216162199b28c13a410421893ffa2e32 -> 
  custom:video-decoder-ogg-theora: a1e56fd34408186e4bbccfd4996cb3dc -> 
  custom:container-muxer-webm: aa71ff27fc2769a1b78a27578f13a17b -> 
  custom:container-demuxer-webm: 4f35f7cbe854078d1ac9338744f61a02 -> 
  custom:container-demuxer-ogg: 62fdf1f143b41e24485cea50d1cbac27 -> 
  custom:video-encoder-webm-vp8: eb34c28f22e8b96e1ab97ce403110664 -> 
  custom:video-decoder-webm-vp8: 9c59270c3fd7afecdb556c50c9e8de78 -> 
  custom:audio-decoder-ogg-vorbis: bf7c407c2cedff20999df2af8eb42d56 -> 
  custom:audio-encoder-webm-vorbis: bf7c407c2cedff20999df2af8eb42d56 -> 
========================================================================
Received Import Request.
  path: Assets/VNCreator/_Demo/DemoStory.asset
  artifactKey: Guid(f89a207568a68344481ab15ca705153a) Importer(815301076,1909f56bfc062723c751e8b465ee728b)
Start importing Assets/VNCreator/_Demo/DemoStory.asset using Guid(f89a207568a68344481ab15ca705153a) Importer(815301076,1909f56bfc062723c751e8b465ee728b)  -> (artifact id: 'b70a4aa3d508f2ebdf063806ea98042a') in 0.059643 seconds 
  Import took 0.066761 seconds .

========================================================================
Received Import Request.
  Time since last request: 553.395409 seconds.
  path: Assets/VNCreator/_Demo/Sprites/Characters/momieng.png
  artifactKey: Guid(28a899254e9688149b8ec824fbef199d) Importer(815301076,1909f56bfc062723c751e8b465ee728b)
Start importing Assets/VNCreator/_Demo/Sprites/Characters/momieng.png using Guid(28a899254e9688149b8ec824fbef199d) Importer(815301076,1909f56bfc062723c751e8b465ee728b)  -> (artifact id: '3cc0f8f1bb90e0567de616f59d8563a0') in 0.117352 seconds 
  Import took 0.121741 seconds .

========================================================================
Received Import Request.
  Time since last request: 31.589960 seconds.
  path: Assets/VNCreator/_Demo/Sprites/Characters/liecnhinmomieng.png
  artifactKey: Guid(04911ccc876c62444b7a8d1e5d0f9b1c) Importer(815301076,1909f56bfc062723c751e8b465ee728b)
Start importing Assets/VNCreator/_Demo/Sprites/Characters/liecnhinmomieng.png using Guid(04911ccc876c62444b7a8d1e5d0f9b1c) Importer(815301076,1909f56bfc062723c751e8b465ee728b)  -> (artifact id: '71dce281b9c932315afa0c6c9eb053fe') in 0.043729 seconds 
  Import took 0.049105 seconds .

========================================================================
Received Import Request.
  Time since last request: 26.420883 seconds.
  path: Assets/VNCreator/_Demo/Sprites/Characters/toitammatmay.png
  artifactKey: Guid(51e9da82a1d482d459176b636912e907) Importer(815301076,1909f56bfc062723c751e8b465ee728b)
Start importing Assets/VNCreator/_Demo/Sprites/Characters/toitammatmay.png using Guid(51e9da82a1d482d459176b636912e907) Importer(815301076,1909f56bfc062723c751e8b465ee728b)  -> (artifact id: '92b1872f8028dd789f45f3ba05ec2f70') in 0.027349 seconds 
  Import took 0.042189 seconds .

========================================================================
Received Import Request.
  Time since last request: 38.124084 seconds.
  path: Assets/VNCreator/_Demo/Sprites/Characters/ngaingung.png
  artifactKey: Guid(49b9e25bf3272b44cb75f5f457a13fc4) Importer(815301076,1909f56bfc062723c751e8b465ee728b)
Start importing Assets/VNCreator/_Demo/Sprites/Characters/ngaingung.png using Guid(49b9e25bf3272b44cb75f5f457a13fc4) Importer(815301076,1909f56bfc062723c751e8b465ee728b)  -> (artifact id: '8d87a013dbd651f78b73329d8b732bd2') in 0.030052 seconds 
  Import took 0.036996 seconds .

========================================================================
Received Import Request.
  Time since last request: 17.643020 seconds.
  path: Assets/VNCreator/_Demo/Sprites/Characters/phongma'.png
  artifactKey: Guid(526a334e3f9529a48b49830f7e91cf5c) Importer(815301076,1909f56bfc062723c751e8b465ee728b)
Start importing Assets/VNCreator/_Demo/Sprites/Characters/phongma'.png using Guid(526a334e3f9529a48b49830f7e91cf5c) Importer(815301076,1909f56bfc062723c751e8b465ee728b)  -> (artifact id: '644b539dca7b6d36ddfd7995ce189f9a') in 0.050598 seconds 
  Import took 0.056201 seconds .

========================================================================
Received Import Request.
  Time since last request: 14.107407 seconds.
  path: Assets/VNCreator/_Demo/Sprites/Characters/khavui.png
  artifactKey: Guid(864e112c4083c6248b770e3aec7e3e51) Importer(815301076,1909f56bfc062723c751e8b465ee728b)
Start importing Assets/VNCreator/_Demo/Sprites/Characters/khavui.png using Guid(864e112c4083c6248b770e3aec7e3e51) Importer(815301076,1909f56bfc062723c751e8b465ee728b)  -> (artifact id: '4df87638d4db5672d46bcaf5f30cbff6') in 0.052630 seconds 
  Import took 0.059390 seconds .

========================================================================
Received Import Request.
  Time since last request: 12.863030 seconds.
  path: Assets/VNCreator/_Demo/Sprites/Characters/vuihatca.png
  artifactKey: Guid(925db0431bc1ad44282cfd5c4d1c7b5e) Importer(815301076,1909f56bfc062723c751e8b465ee728b)
Start importing Assets/VNCreator/_Demo/Sprites/Characters/vuihatca.png using Guid(925db0431bc1ad44282cfd5c4d1c7b5e) Importer(815301076,1909f56bfc062723c751e8b465ee728b)  -> (artifact id: '6a2d18fe5c2613cbdd0758c3c8d68e1f') in 0.055353 seconds 
  Import took 0.061889 seconds .

========================================================================
Received Import Request.
  Time since last request: 11.069427 seconds.
  path: Assets/VNCreator/_Demo/Sprites/Characters/canmat.png
  artifactKey: Guid(ac29e801dcff3c9489bec9694b6ff086) Importer(815301076,1909f56bfc062723c751e8b465ee728b)
Start importing Assets/VNCreator/_Demo/Sprites/Characters/canmat.png using Guid(ac29e801dcff3c9489bec9694b6ff086) Importer(815301076,1909f56bfc062723c751e8b465ee728b)  -> (artifact id: '36dad6308d842a86cd4459dc15c6d677') in 0.040639 seconds 
  Import took 0.055995 seconds .

========================================================================
Received Import Request.
  Time since last request: 7.785196 seconds.
  path: Assets/VNCreator/_Demo/Sprites/Characters/bammoi.png
  artifactKey: Guid(1f1baae9675fa084b8aa80eac5fcbe29) Importer(815301076,1909f56bfc062723c751e8b465ee728b)
Start importing Assets/VNCreator/_Demo/Sprites/Characters/bammoi.png using Guid(1f1baae9675fa084b8aa80eac5fcbe29) Importer(815301076,1909f56bfc062723c751e8b465ee728b)  -> (artifact id: 'b76eef0ab306a7176b8ed71f0088bb9a') in 0.047426 seconds 
  Import took 0.057966 seconds .

========================================================================
Received Prepare
Registering precompiled user dll's ...
Registered in 0.015976 seconds.
Begin MonoManager ReloadAssembly
Native extension for WindowsStandalone target not found
Refreshing native plugins compatible for Editor in 0.49 ms, found 3 plugins.
Preloading 0 native plugins for Editor in 0.00 ms.
Mono: successfully reloaded assembly
- Completed reload, in  1.014 seconds
Domain Reload Profiling:
	ReloadAssembly (1015ms)
		BeginReloadAssembly (164ms)
			ExecutionOrderSort (0ms)
			DisableScriptedObjects (18ms)
			BackupInstance (0ms)
			ReleaseScriptingObjects (0ms)
			CreateAndSetChildDomain (72ms)
		EndReloadAssembly (789ms)
			LoadAssemblies (91ms)
			RebuildTransferFunctionScriptingTraits (0ms)
			SetupTypeCache (302ms)
			ReleaseScriptCaches (1ms)
			RebuildScriptCaches (40ms)
			SetupLoadedEditorAssemblies (254ms)
				LogAssemblyErrors (0ms)
				InitializePlatformSupportModulesInManaged (4ms)
				SetLoadedEditorAssemblies (1ms)
				RefreshPlugins (1ms)
				BeforeProcessingInitializeOnLoad (52ms)
				ProcessInitializeOnLoadAttributes (182ms)
				ProcessInitializeOnLoadMethodAttributes (12ms)
				AfterProcessingInitializeOnLoad (3ms)
				EditorAssembliesLoaded (0ms)
			ExecutionOrderSort2 (0ms)
			AwakeInstancesAfterBackupRestoration (8ms)
Platform modules already initialized, skipping
Refreshing native plugins compatible for Editor in 1.05 ms, found 3 plugins.
Preloading 0 native plugins for Editor in 0.00 ms.
Unloading 2200 Unused Serialized files (Serialized files now loaded: 0)
System memory in use before: 99.3 MB.
System memory in use after: 99.4 MB.

Unloading 18 unused Assets to reduce memory usage. Loaded Objects now: 2661.
Total: 3.950500 ms (FindLiveObjects: 0.409700 ms CreateObjectMapping: 0.193300 ms MarkObjects: 3.303300 ms  DeleteObjects: 0.042300 ms)

AssetImportParameters requested are different than current active one (requested -> active):
  custom:framework-win-MediaFoundation: 216162199b28c13a410421893ffa2e32 -> 
  custom:video-decoder-ogg-theora: a1e56fd34408186e4bbccfd4996cb3dc -> 
  custom:container-muxer-webm: aa71ff27fc2769a1b78a27578f13a17b -> 
  custom:container-demuxer-webm: 4f35f7cbe854078d1ac9338744f61a02 -> 
  custom:container-demuxer-ogg: 62fdf1f143b41e24485cea50d1cbac27 -> 
  custom:video-encoder-webm-vp8: eb34c28f22e8b96e1ab97ce403110664 -> 
  custom:video-decoder-webm-vp8: 9c59270c3fd7afecdb556c50c9e8de78 -> 
  custom:audio-decoder-ogg-vorbis: bf7c407c2cedff20999df2af8eb42d56 -> 
  custom:audio-encoder-webm-vorbis: bf7c407c2cedff20999df2af8eb42d56 -> 
========================================================================
Received Prepare
Registering precompiled user dll's ...
Registered in 0.004536 seconds.
Begin MonoManager ReloadAssembly
Native extension for WindowsStandalone target not found
Refreshing native plugins compatible for Editor in 0.72 ms, found 3 plugins.
Preloading 0 native plugins for Editor in 0.00 ms.
Mono: successfully reloaded assembly
- Completed reload, in  1.348 seconds
Domain Reload Profiling:
	ReloadAssembly (1349ms)
		BeginReloadAssembly (144ms)
			ExecutionOrderSort (0ms)
			DisableScriptedObjects (8ms)
			BackupInstance (0ms)
			ReleaseScriptingObjects (0ms)
			CreateAndSetChildDomain (46ms)
		EndReloadAssembly (1122ms)
			LoadAssemblies (131ms)
			RebuildTransferFunctionScriptingTraits (0ms)
			SetupTypeCache (469ms)
			ReleaseScriptCaches (1ms)
			RebuildScriptCaches (57ms)
			SetupLoadedEditorAssemblies (348ms)
				LogAssemblyErrors (0ms)
				InitializePlatformSupportModulesInManaged (6ms)
				SetLoadedEditorAssemblies (1ms)
				RefreshPlugins (1ms)
				BeforeProcessingInitializeOnLoad (68ms)
				ProcessInitializeOnLoadAttributes (251ms)
				ProcessInitializeOnLoadMethodAttributes (15ms)
				AfterProcessingInitializeOnLoad (5ms)
				EditorAssembliesLoaded (0ms)
			ExecutionOrderSort2 (0ms)
			AwakeInstancesAfterBackupRestoration (12ms)
Platform modules already initialized, skipping
Refreshing native plugins compatible for Editor in 0.90 ms, found 3 plugins.
Preloading 0 native plugins for Editor in 0.00 ms.
Unloading 2200 Unused Serialized files (Serialized files now loaded: 0)
System memory in use before: 99.3 MB.
System memory in use after: 99.4 MB.

Unloading 17 unused Assets to reduce memory usage. Loaded Objects now: 2663.
Total: 5.241700 ms (FindLiveObjects: 0.401700 ms CreateObjectMapping: 0.136800 ms MarkObjects: 4.673200 ms  DeleteObjects: 0.028500 ms)

AssetImportParameters requested are different than current active one (requested -> active):
  custom:framework-win-MediaFoundation: 216162199b28c13a410421893ffa2e32 -> 
  custom:video-decoder-ogg-theora: a1e56fd34408186e4bbccfd4996cb3dc -> 
  custom:container-muxer-webm: aa71ff27fc2769a1b78a27578f13a17b -> 
  custom:container-demuxer-webm: 4f35f7cbe854078d1ac9338744f61a02 -> 
  custom:container-demuxer-ogg: 62fdf1f143b41e24485cea50d1cbac27 -> 
  custom:video-encoder-webm-vp8: eb34c28f22e8b96e1ab97ce403110664 -> 
  custom:video-decoder-webm-vp8: 9c59270c3fd7afecdb556c50c9e8de78 -> 
  custom:audio-decoder-ogg-vorbis: bf7c407c2cedff20999df2af8eb42d56 -> 
  custom:audio-encoder-webm-vorbis: bf7c407c2cedff20999df2af8eb42d56 -> 
========================================================================
Received Prepare
Registering precompiled user dll's ...
Registered in 0.002892 seconds.
Begin MonoManager ReloadAssembly
Native extension for WindowsStandalone target not found
Refreshing native plugins compatible for Editor in 0.53 ms, found 3 plugins.
Preloading 0 native plugins for Editor in 0.00 ms.
Mono: successfully reloaded assembly
- Completed reload, in  0.925 seconds
Domain Reload Profiling:
	ReloadAssembly (926ms)
		BeginReloadAssembly (107ms)
			ExecutionOrderSort (0ms)
			DisableScriptedObjects (5ms)
			BackupInstance (0ms)
			ReleaseScriptingObjects (0ms)
			CreateAndSetChildDomain (32ms)
		EndReloadAssembly (740ms)
			LoadAssemblies (80ms)
			RebuildTransferFunctionScriptingTraits (0ms)
			SetupTypeCache (256ms)
			ReleaseScriptCaches (1ms)
			RebuildScriptCaches (38ms)
			SetupLoadedEditorAssemblies (251ms)
				LogAssemblyErrors (0ms)
				InitializePlatformSupportModulesInManaged (4ms)
				SetLoadedEditorAssemblies (0ms)
				RefreshPlugins (1ms)
				BeforeProcessingInitializeOnLoad (51ms)
				ProcessInitializeOnLoadAttributes (180ms)
				ProcessInitializeOnLoadMethodAttributes (11ms)
				AfterProcessingInitializeOnLoad (3ms)
				EditorAssembliesLoaded (0ms)
			ExecutionOrderSort2 (0ms)
			AwakeInstancesAfterBackupRestoration (8ms)
Platform modules already initialized, skipping
Refreshing native plugins compatible for Editor in 0.93 ms, found 3 plugins.
Preloading 0 native plugins for Editor in 0.00 ms.
Unloading 2200 Unused Serialized files (Serialized files now loaded: 0)
System memory in use before: 99.3 MB.
System memory in use after: 99.5 MB.

Unloading 17 unused Assets to reduce memory usage. Loaded Objects now: 2665.
Total: 4.774300 ms (FindLiveObjects: 0.282200 ms CreateObjectMapping: 0.139900 ms MarkObjects: 4.304900 ms  DeleteObjects: 0.045200 ms)

AssetImportParameters requested are different than current active one (requested -> active):
  custom:framework-win-MediaFoundation: 216162199b28c13a410421893ffa2e32 -> 
  custom:video-decoder-ogg-theora: a1e56fd34408186e4bbccfd4996cb3dc -> 
  custom:container-muxer-webm: aa71ff27fc2769a1b78a27578f13a17b -> 
  custom:container-demuxer-webm: 4f35f7cbe854078d1ac9338744f61a02 -> 
  custom:container-demuxer-ogg: 62fdf1f143b41e24485cea50d1cbac27 -> 
  custom:video-encoder-webm-vp8: eb34c28f22e8b96e1ab97ce403110664 -> 
  custom:video-decoder-webm-vp8: 9c59270c3fd7afecdb556c50c9e8de78 -> 
  custom:audio-decoder-ogg-vorbis: bf7c407c2cedff20999df2af8eb42d56 -> 
  custom:audio-encoder-webm-vorbis: bf7c407c2cedff20999df2af8eb42d56 -> 
========================================================================
Received Prepare
Registering precompiled user dll's ...
Registered in 0.002985 seconds.
Begin MonoManager ReloadAssembly
Native extension for WindowsStandalone target not found
Refreshing native plugins compatible for Editor in 0.51 ms, found 3 plugins.
Preloading 0 native plugins for Editor in 0.00 ms.
Mono: successfully reloaded assembly
- Completed reload, in  0.878 seconds
Domain Reload Profiling:
	ReloadAssembly (878ms)
		BeginReloadAssembly (94ms)
			ExecutionOrderSort (0ms)
			DisableScriptedObjects (6ms)
			BackupInstance (0ms)
			ReleaseScriptingObjects (0ms)
			CreateAndSetChildDomain (32ms)
		EndReloadAssembly (733ms)
			LoadAssemblies (71ms)
			RebuildTransferFunctionScriptingTraits (0ms)
			SetupTypeCache (270ms)
			ReleaseScriptCaches (1ms)
			RebuildScriptCaches (39ms)
			SetupLoadedEditorAssemblies (255ms)
				LogAssemblyErrors (0ms)
				InitializePlatformSupportModulesInManaged (5ms)
				SetLoadedEditorAssemblies (0ms)
				RefreshPlugins (1ms)
				BeforeProcessingInitializeOnLoad (49ms)
				ProcessInitializeOnLoadAttributes (185ms)
				ProcessInitializeOnLoadMethodAttributes (12ms)
				AfterProcessingInitializeOnLoad (4ms)
				EditorAssembliesLoaded (0ms)
			ExecutionOrderSort2 (0ms)
			AwakeInstancesAfterBackupRestoration (9ms)
Platform modules already initialized, skipping
Refreshing native plugins compatible for Editor in 0.48 ms, found 3 plugins.
Preloading 0 native plugins for Editor in 0.00 ms.
Unloading 2200 Unused Serialized files (Serialized files now loaded: 0)
System memory in use before: 99.4 MB.
System memory in use after: 99.5 MB.

Unloading 17 unused Assets to reduce memory usage. Loaded Objects now: 2667.
Total: 2.982400 ms (FindLiveObjects: 0.270100 ms CreateObjectMapping: 0.097700 ms MarkObjects: 2.589900 ms  DeleteObjects: 0.023300 ms)

AssetImportParameters requested are different than current active one (requested -> active):
  custom:framework-win-MediaFoundation: 216162199b28c13a410421893ffa2e32 -> 
  custom:video-decoder-ogg-theora: a1e56fd34408186e4bbccfd4996cb3dc -> 
  custom:container-muxer-webm: aa71ff27fc2769a1b78a27578f13a17b -> 
  custom:container-demuxer-webm: 4f35f7cbe854078d1ac9338744f61a02 -> 
  custom:container-demuxer-ogg: 62fdf1f143b41e24485cea50d1cbac27 -> 
  custom:video-encoder-webm-vp8: eb34c28f22e8b96e1ab97ce403110664 -> 
  custom:video-decoder-webm-vp8: 9c59270c3fd7afecdb556c50c9e8de78 -> 
  custom:audio-decoder-ogg-vorbis: bf7c407c2cedff20999df2af8eb42d56 -> 
  custom:audio-encoder-webm-vorbis: bf7c407c2cedff20999df2af8eb42d56 -> 
========================================================================
Received Import Request.
  Time since last request: 2595.671237 seconds.
  path: Assets/VNCreator/_Demo/DemoStory.asset
  artifactKey: Guid(f89a207568a68344481ab15ca705153a) Importer(815301076,1909f56bfc062723c751e8b465ee728b)
Start importing Assets/VNCreator/_Demo/DemoStory.asset using Guid(f89a207568a68344481ab15ca705153a) Importer(815301076,1909f56bfc062723c751e8b465ee728b)  -> (artifact id: 'afdb64d76afed885c340e29ea6cb65e2') in 0.040646 seconds 
  Import took 0.047154 seconds .

